Added Component: Designator=C1(CP1/2)
Add component (AddParameter): Name = "Value"; Value = "10uF"; VariantName = "[No Variations]"
Added Component: Designator=C2(CP1/2)
Add component (AddParameter): Name = "Value"; Value = "10uF"; VariantName = "[No Variations]"
Added Component: Designator=C3(CP1/2)
Add component (AddParameter): Name = "Value"; Value = "10uF"; VariantName = "[No Variations]"
Added Component: Designator=C4(CP1/2)
Add component (AddParameter): Name = "Value"; Value = "10uF"; VariantName = "[No Variations]"
Added Component: Designator=D1(D1A)
Added Component: Designator=D2(LED-3mm)
Added Component: Designator=F1(FUSE)
Added Component: Designator=IC?(QTO-220)
Add component (AddParameter): Name = "Value"; Value = "LM317"; VariantName = "[No Variations]"
Added Component: Designator=P1(DOMINO 2- 5mm)
Add component (AddParameter): Name = "LatestRevisionDate"; Value = "17-Jul-2002"; VariantName = "[No Variations]"
Add component (AddParameter): Name = "LatestRevisionNote"; Value = "Re-released for DXP Platform."; VariantName = "[No Variations]"
Add component (AddParameter): Name = "Publisher"; Value = "Altium Limited"; VariantName = "[No Variations]"
Added Component: Designator=P2(DOMINO 2- 5mm)
Add component (AddParameter): Name = "LatestRevisionDate"; Value = "17-Jul-2002"; VariantName = "[No Variations]"
Add component (AddParameter): Name = "LatestRevisionNote"; Value = "Re-released for DXP Platform."; VariantName = "[No Variations]"
Add component (AddParameter): Name = "Publisher"; Value = "Altium Limited"; VariantName = "[No Variations]"
Added Component: Designator=P3(DOMINO 2- 5mm)
Add component (AddParameter): Name = "LatestRevisionDate"; Value = "17-Jul-2002"; VariantName = "[No Variations]"
Add component (AddParameter): Name = "LatestRevisionNote"; Value = "Re-released for DXP Platform."; VariantName = "[No Variations]"
Add component (AddParameter): Name = "Publisher"; Value = "Altium Limited"; VariantName = "[No Variations]"
Added Component: Designator=R1(RES 1/2W)
Add component (AddParameter): Name = "Value"; Value = "1K"; VariantName = "[No Variations]"
Added Component: Designator=UN1(QTO-220)
Added Pin To Net: NetName=+12 Pin=C1-1
Added Pin To Net: NetName=GND Pin=C1-2
Added Pin To Net: NetName=+5 Pin=C2-1
Added Pin To Net: NetName=GND Pin=C2-2
Added Pin To Net: NetName=+5 Pin=C3-1
Added Pin To Net: NetName=GND Pin=C3-2
Added Pin To Net: NetName=+3V3 Pin=C4-1
Added Pin To Net: NetName=GND Pin=C4-2
Added Pin To Net: NetName=NetD1_1 Pin=D1-1
Added Pin To Net: NetName=+12 Pin=D1-2
Added Pin To Net: NetName=+3V3 Pin=D2-1
Added Pin To Net: NetName=NetD2_2 Pin=D2-2
Added Pin To Net: NetName=NetF1_1 Pin=F1-1
Added Pin To Net: NetName=NetF1_1 Pin=F1-1
Added Pin To Net: NetName=NetD1_1 Pin=F1-2
Added Pin To Net: NetName=NetD1_1 Pin=F1-2
Added Pin To Net: NetName=GND Pin=IC?-1
Added Pin To Net: NetName=+3V3 Pin=IC?-2
Added Pin To Net: NetName=+5 Pin=IC?-3
Added Pin To Net: NetName=GND Pin=P1-1
Added Pin To Net: NetName=NetF1_1 Pin=P1-2
Added Pin To Net: NetName=+5 Pin=P2-1
Added Pin To Net: NetName=GND Pin=P2-2
Added Pin To Net: NetName=+3V3 Pin=P3-1
Added Pin To Net: NetName=GND Pin=P3-2
Added Pin To Net: NetName=NetD2_2 Pin=R1-1
Added Pin To Net: NetName=GND Pin=R1-2
Added Pin To Net: NetName=+12 Pin=UN1-1
Added Pin To Net: NetName=GND Pin=UN1-2
Added Pin To Net: NetName=+5 Pin=UN1-3
Added Member To Class: ClassName=Homework Member=Component C1 Cap Pol
Added Member To Class: ClassName=Homework Member=Component C2 Cap Pol
Added Member To Class: ClassName=Homework Member=Component C3 Cap Pol
Added Member To Class: ClassName=Homework Member=Component C4 Cap Pol
Added Member To Class: ClassName=Homework Member=Component D1 Diode
Added Member To Class: ClassName=Homework Member=Component D2 LED
Added Member To Class: ClassName=Homework Member=Component F1 Fuse
Added Member To Class: ClassName=Homework Member=Component IC? LM1117
Added Member To Class: ClassName=Homework Member=Component P1 Domino 2
Added Member To Class: ClassName=Homework Member=Component P2 Domino 2
Added Member To Class: ClassName=Homework Member=Component P3 Domino 2
Added Member To Class: ClassName=Homework Member=Component R1 RESISTOR
Added Member To Class: ClassName=Homework Member=Component UN1 LM7805
Added Room: Name=Homework
